<?xml version="1.0" encoding="utf-8"?><testsuites name="pytest tests"><testsuite name="pytest" errors="0" failures="0" skipped="0" tests="44" time="56.202" timestamp="2026-06-04T08:34:00.194116-04:00" hostname="DESKTOP-45DKSLF"><testcase classname="Testing.bindings.test_dew_python" name="test_dew_database" time="0.253" /><testcase classname="Testing.bindings.test_dew_python" name="test_water_models" time="0.005" /><testcase classname="Testing.bindings.test_dew_python" name="test_water_properties" time="0.003" /><testcase classname="Testing.bindings.test_perplexdew_diagnostics" name="test_conflict_default_mode_no_raise" time="0.216" /><testcase classname="Testing.bindings.test_perplexdew_diagnostics" name="test_conflict_strict_mode_raises" time="0.171" /><testcase classname="Testing.bindings.test_perplexdew_diagnostics" name="test_unmapped_gfsm_warn_no_raise" time="0.177" /><testcase classname="Testing.bindings.test_perplexdew_diagnostics" name="test_unmapped_gfsm_suppressed_no_raise" time="0.156" /><testcase classname="Testing.bindings.test_perplexdew_diagnostics" name="test_clean_species_no_diagnostic" time="0.131" /><testcase classname="Testing.bindings.test_perplexdew_diagnostics" name="test_params_field_roundtrip" time="0.002" /><testcase classname="Testing.regression.smoke.test_build_system" name="test_build_system" time="4.283" /><testcase classname="Testing.regression.smoke.test_dew_ph_constraint" name="test_ph_constraint_converges[DEW]" time="1.536" /><testcase classname="Testing.regression.smoke.test_dew_ph_constraint" name="test_ph_constraint_converges[PerplexDEW]" time="1.270" /><testcase classname="Testing.regression.smoke.test_dew_ph_constraint" name="test_basic_tp_constraint_converges[DEW]" time="1.395" /><testcase classname="Testing.regression.smoke.test_dew_ph_constraint" name="test_basic_tp_constraint_converges[PerplexDEW]" time="1.235" /><testcase classname="Testing.regression.smoke.test_dew_ph_constraint" name="test_dh_variant_davies_no_raise[DEW]" time="1.309" /><testcase classname="Testing.regression.smoke.test_dew_ph_constraint" name="test_dh_variant_davies_no_raise[PerplexDEW]" time="1.028" /><testcase classname="Testing.regression.smoke.test_dew_sensitivity" name="test_sensitivity_dndw_temperature_is_finite[DEW]" time="2.741" /><testcase classname="Testing.regression.smoke.test_dew_sensitivity" name="test_sensitivity_dndw_temperature_is_finite[PerplexDEW]" time="1.995" /><testcase classname="Testing.regression.smoke.test_dew_sensitivity" name="test_sensitivity_dndw_pressure_is_finite[DEW]" time="1.462" /><testcase classname="Testing.regression.smoke.test_dew_sensitivity" name="test_sensitivity_dndw_pressure_is_finite[PerplexDEW]" time="1.694" /><testcase classname="Testing.regression.smoke.test_dew_water_models" name="test_dew_database_loads" time="0.096" /><testcase classname="Testing.regression.smoke.test_dew_water_models" name="test_dew_water_model_default" time="0.001" /><testcase classname="Testing.regression.smoke.test_dew_water_models" name="test_dew_water_model_alternative" time="0.001" /><testcase classname="Testing.regression.smoke.test_gfsm_handoff" name="test_gfsm_handoff_state_id_written" time="1.247" /><testcase classname="Testing.regression.smoke.test_gfsm_handoff" name="test_gfsm_handoff_ln_f_ratio_written" time="1.407" /><testcase classname="Testing.regression.smoke.test_gfsm_handoff" name="test_gfsm_handoff_consumed_by_perplexdew" time="1.236" /><testcase classname="Testing.regression.smoke.test_gfsm_handoff" name="test_gfsm_water_activity_differs_from_pure_water" time="1.701" /><testcase classname="Testing.regression.smoke.test_gfsm_handoff" name="test_gfsm_handoff_strict_mode_fails_without_coupling" time="0.269" /><testcase classname="Testing.regression.smoke.test_h2o_aq_dew" name="test_h2o_aq_dew_equilibration" time="1.133" /><testcase classname="Testing.regression.smoke.test_h2o_dummy" name="test_h2o_dummy_vs_explicit" time="1.118" /><testcase classname="Testing.regression.smoke.test_kinetics_dew" name="test_kinetics_solve_succeeds_multistep[DEW]" time="1.053" /><testcase classname="Testing.regression.smoke.test_kinetics_dew" name="test_kinetics_solve_succeeds_multistep[PerplexDEW]" time="1.141" /><testcase classname="Testing.regression.smoke.test_kinetics_dew" name="test_kinetics_dew_model_parity[DEW]" time="1.695" /><testcase classname="Testing.regression.smoke.test_kinetics_dew" name="test_kinetics_dew_model_parity[PerplexDEW]" time="1.998" /><testcase classname="Testing.regression.smoke.test_perplex_conditions_nosilence" name="test_perplex_conditions_nosilence" time="2.917" /><testcase classname="Testing.regression.smoke.test_transport_dew" name="test_transport_no_nan[DEW]" time="0.463" /><testcase classname="Testing.regression.smoke.test_transport_dew" name="test_transport_no_nan[PerplexDEW]" time="0.255" /><testcase classname="Testing.regression.smoke.test_transport_dew" name="test_transport_concentration_gradient_decreases[DEW]" time="0.216" /><testcase classname="Testing.regression.smoke.test_transport_dew" name="test_transport_concentration_gradient_decreases[PerplexDEW]" time="0.304" /><testcase classname="Testing.unit.test_database_combination" name="test_database_combination" time="2.081" /><testcase classname="Testing.unit.test_integration_methods" name="test_all_methods" time="0.018" /><testcase classname="Testing.unit.test_lnactivity_water" name="test_lnactivity_water_constraint_propagates" time="2.817" /><testcase classname="Testing.unit.test_modern_pattern" name="test_modern_pattern_matches_legacy" time="2.299" /><testcase classname="Testing.unit.test_water_gibbs" name="test_water_gibbs_excel_mode_matches_reference_order" time="0.002" /></testsuite></testsuites>